<?xml version="1.0" encoding="UTF-8"?>
<testExecutions version="1">
  <file path="/home/pagopa-ecommerce/pagopa-ecommerce-fe/src/utils/config/__tests__/fetch.test.ts">
    <testCase name="exponetialPollingWithPromisePredicateFetch backoff behavior should increase delay costant after RETRY_NUMBERS_LINEAR attempts" duration="39"/>
    <testCase name="exponetialPollingWithPromisePredicateFetch backoff behavior should increase delay exponentially after RETRY_NUMBERS_LINEAR attempts" duration="46"/>
  </file>
  <file path="/home/pagopa-ecommerce/pagopa-ecommerce-fe/src/utils/api/transactions/__tests__/getTransactionInfo.unit.test.ts">
    <testCase name="ecommerceIOGetTransactionInfo returns Some(value) when client returns Right with status 200" duration="11"/>
    <testCase name="ecommerceIOGetTransactionInfo returns None when client returns Right with non-200 status" duration="5"/>
    <testCase name="ecommerceIOGetTransactionInfo returns None when client throws an error" duration="2"/>
    <testCase name="ecommerceCHECKOUTGetTransaction returns Some(value) when client returns Right with status 200" duration="1"/>
    <testCase name="ecommerceCHECKOUTGetTransaction returns None when client returns Right with non-200 status" duration="2"/>
    <testCase name="ecommerceCHECKOUTGetTransaction returns None when client throws an error" duration="1"/>
  </file>
  <file path="/home/pagopa-ecommerce/pagopa-ecommerce-fe/src/utils/api/__tests__/pollingHelpers.test.ts">
    <testCase name="decodeFinalStatusResult returns false when counter reaches retries" duration="14"/>
    <testCase name="decodeFinalStatusResult returns true for non-200 status immediately" duration="2"/>
    <testCase name="decodeFinalStatusResult returns false when 200 + interrupt" duration="2"/>
    <testCase name="decodeFinalStatusResult returns true when 200 + no interrupt" duration="1"/>
  </file>
  <file path="/home/pagopa-ecommerce/pagopa-ecommerce-fe/src/utils/api/__tests__/client.test.ts">
    <testCase name="clientWithPolling module creates IO client with polling" duration="5"/>
    <testCase name="clientWithPolling module creates CHECKOUT v1 client with polling" duration="2"/>
    <testCase name="clientWithPolling module creates CHECKOUT v2 client with polling" duration="3"/>
  </file>
  <file path="/home/pagopa-ecommerce/pagopa-ecommerce-fe/src/routes/__tests__/PaymentResponsePage.test.tsx">
    <testCase name="PaymentResponsePage redirects immediately to GENERIC_ERROR if no fragments" duration="57"/>
    <testCase name="PaymentResponsePage calls IO-get + redirects to GENERIC_ERROR when API yields none" duration="10"/>
    <testCase name="PaymentResponsePage on SUCCESS shows continue button only after the delay (IO)" duration="39"/>
    <testCase name="PaymentResponsePage calls CHECKOUT-get + redirects to GENERIC_ERROR when API yields none (CHECKOUT)" duration="5"/>
    <testCase name="PaymentResponsePage calls CHECKOUT-get + redirects to SUCCESS when API yields some (CHECKOUT)" duration="5"/>
  </file>
</testExecutions>